<?xml version="1.0" encoding="UTF-8"?>
<testsuite xmlns:xsi="http://www.w3.org/2001/XMLSchema-instance" xsi:noNamespaceSchemaLocation="https://maven.apache.org/surefire/maven-surefire-plugin/xsd/surefire-test-report.xsd" name="com.fpx.wmsau.WmsAuApplicationTests" time="9.702" tests="2" errors="0" skipped="0" failures="0">
  <properties>
    <property name="sun.desktop" value="windows"/>
    <property name="awt.toolkit" value="sun.awt.windows.WToolkit"/>
    <property name="file.encoding.pkg" value="sun.io"/>
    <property name="java.specification.version" value="1.8"/>
    <property name="sun.cpu.isalist" value="amd64"/>
    <property name="sun.jnu.encoding" value="GBK"/>
    <property name="java.class.path" value="E:\svncodes\wms-au\target\test-classes;E:\svncodes\wms-au\target\classes;D:\fpx-repository\org\springframework\boot\spring-boot-starter\2.1.4.RELEASE\spring-boot-starter-2.1.4.RELEASE.jar;D:\fpx-repository\org\springframework\boot\spring-boot\2.1.4.RELEASE\spring-boot-2.1.4.RELEASE.jar;D:\fpx-repository\org\springframework\spring-context\5.1.6.RELEASE\spring-context-5.1.6.RELEASE.jar;D:\fpx-repository\org\springframework\boot\spring-boot-autoconfigure\2.1.4.RELEASE\spring-boot-autoconfigure-2.1.4.RELEASE.jar;D:\fpx-repository\org\springframework\boot\spring-boot-starter-logging\2.1.4.RELEASE\spring-boot-starter-logging-2.1.4.RELEASE.jar;D:\fpx-repository\ch\qos\logback\logback-classic\1.2.3\logback-classic-1.2.3.jar;D:\fpx-repository\ch\qos\logback\logback-core\1.2.3\logback-core-1.2.3.jar;D:\fpx-repository\org\apache\logging\log4j\log4j-to-slf4j\2.11.2\log4j-to-slf4j-2.11.2.jar;D:\fpx-repository\org\apache\logging\log4j\log4j-api\2.11.2\log4j-api-2.11.2.jar;D:\fpx-repository\org\slf4j\jul-to-slf4j\1.7.26\jul-to-slf4j-1.7.26.jar;D:\fpx-repository\javax\annotation\javax.annotation-api\1.3.2\javax.annotation-api-1.3.2.jar;D:\fpx-repository\org\springframework\spring-core\5.1.6.RELEASE\spring-core-5.1.6.RELEASE.jar;D:\fpx-repository\org\springframework\spring-jcl\5.1.6.RELEASE\spring-jcl-5.1.6.RELEASE.jar;D:\fpx-repository\org\yaml\snakeyaml\1.23\snakeyaml-1.23.jar;D:\fpx-repository\org\springframework\boot\spring-boot-starter-web\2.1.4.RELEASE\spring-boot-starter-web-2.1.4.RELEASE.jar;D:\fpx-repository\org\springframework\boot\spring-boot-starter-json\2.1.4.RELEASE\spring-boot-starter-json-2.1.4.RELEASE.jar;D:\fpx-repository\com\fasterxml\jackson\core\jackson-databind\2.9.8\jackson-databind-2.9.8.jar;D:\fpx-repository\com\fasterxml\jackson\core\jackson-annotations\2.9.0\jackson-annotations-2.9.0.jar;D:\fpx-repository\com\fasterxml\jackson\core\jackson-core\2.9.8\jackson-core-2.9.8.jar;D:\fpx-repository\com\fasterxml\jackson\datatype\jackson-datatype-jdk8\2.9.8\jackson-datatype-jdk8-2.9.8.jar;D:\fpx-repository\com\fasterxml\jackson\datatype\jackson-datatype-jsr310\2.9.8\jackson-datatype-jsr310-2.9.8.jar;D:\fpx-repository\com\fasterxml\jackson\module\jackson-module-parameter-names\2.9.8\jackson-module-parameter-names-2.9.8.jar;D:\fpx-repository\org\springframework\boot\spring-boot-starter-tomcat\2.1.4.RELEASE\spring-boot-starter-tomcat-2.1.4.RELEASE.jar;D:\fpx-repository\org\apache\tomcat\embed\tomcat-embed-core\9.0.17\tomcat-embed-core-9.0.17.jar;D:\fpx-repository\org\apache\tomcat\embed\tomcat-embed-el\9.0.17\tomcat-embed-el-9.0.17.jar;D:\fpx-repository\org\apache\tomcat\embed\tomcat-embed-websocket\9.0.17\tomcat-embed-websocket-9.0.17.jar;D:\fpx-repository\org\hibernate\validator\hibernate-validator\6.0.16.Final\hibernate-validator-6.0.16.Final.jar;D:\fpx-repository\javax\validation\validation-api\2.0.1.Final\validation-api-2.0.1.Final.jar;D:\fpx-repository\org\jboss\logging\jboss-logging\3.3.2.Final\jboss-logging-3.3.2.Final.jar;D:\fpx-repository\com\fasterxml\classmate\1.4.0\classmate-1.4.0.jar;D:\fpx-repository\org\springframework\spring-web\5.1.6.RELEASE\spring-web-5.1.6.RELEASE.jar;D:\fpx-repository\org\springframework\spring-beans\5.1.6.RELEASE\spring-beans-5.1.6.RELEASE.jar;D:\fpx-repository\org\springframework\spring-webmvc\5.1.6.RELEASE\spring-webmvc-5.1.6.RELEASE.jar;D:\fpx-repository\org\springframework\spring-aop\5.1.6.RELEASE\spring-aop-5.1.6.RELEASE.jar;D:\fpx-repository\org\springframework\spring-expression\5.1.6.RELEASE\spring-expression-5.1.6.RELEASE.jar;D:\fpx-repository\org\springframework\boot\spring-boot-starter-test\2.1.4.RELEASE\spring-boot-starter-test-2.1.4.RELEASE.jar;D:\fpx-repository\org\springframework\boot\spring-boot-test\2.1.4.RELEASE\spring-boot-test-2.1.4.RELEASE.jar;D:\fpx-repository\org\springframework\boot\spring-boot-test-autoconfigure\2.1.4.RELEASE\spring-boot-test-autoconfigure-2.1.4.RELEASE.jar;D:\fpx-repository\com\jayway\jsonpath\json-path\2.4.0\json-path-2.4.0.jar;D:\fpx-repository\net\minidev\json-smart\2.3\json-smart-2.3.jar;D:\fpx-repository\net\minidev\accessors-smart\1.2\accessors-smart-1.2.jar;D:\fpx-repository\org\ow2\asm\asm\5.0.4\asm-5.0.4.jar;D:\fpx-repository\org\slf4j\slf4j-api\1.7.26\slf4j-api-1.7.26.jar;D:\fpx-repository\junit\junit\4.12\junit-4.12.jar;D:\fpx-repository\org\assertj\assertj-core\3.11.1\assertj-core-3.11.1.jar;D:\fpx-repository\org\mockito\mockito-core\2.23.4\mockito-core-2.23.4.jar;D:\fpx-repository\net\bytebuddy\byte-buddy\1.9.12\byte-buddy-1.9.12.jar;D:\fpx-repository\net\bytebuddy\byte-buddy-agent\1.9.12\byte-buddy-agent-1.9.12.jar;D:\fpx-repository\org\objenesis\objenesis\2.6\objenesis-2.6.jar;D:\fpx-repository\org\hamcrest\hamcrest-core\1.3\hamcrest-core-1.3.jar;D:\fpx-repository\org\hamcrest\hamcrest-library\1.3\hamcrest-library-1.3.jar;D:\fpx-repository\org\skyscreamer\jsonassert\1.5.0\jsonassert-1.5.0.jar;D:\fpx-repository\com\vaadin\external\google\android-json\0.0.20131108.vaadin1\android-json-0.0.20131108.vaadin1.jar;D:\fpx-repository\org\springframework\spring-test\5.1.6.RELEASE\spring-test-5.1.6.RELEASE.jar;D:\fpx-repository\org\xmlunit\xmlunit-core\2.6.2\xmlunit-core-2.6.2.jar;D:\fpx-repository\org\springframework\cloud\spring-cloud-starter-consul-discovery\2.1.0.RELEASE\spring-cloud-starter-consul-discovery-2.1.0.RELEASE.jar;D:\fpx-repository\org\springframework\cloud\spring-cloud-starter-consul\2.1.0.RELEASE\spring-cloud-starter-consul-2.1.0.RELEASE.jar;D:\fpx-repository\org\springframework\cloud\spring-cloud-context\2.1.0.RELEASE\spring-cloud-context-2.1.0.RELEASE.jar;D:\fpx-repository\org\springframework\cloud\spring-cloud-consul-core\2.1.0.RELEASE\spring-cloud-consul-core-2.1.0.RELEASE.jar;D:\fpx-repository\com\ecwid\consul\consul-api\1.4.1\consul-api-1.4.1.jar;D:\fpx-repository\com\google\code\gson\gson\2.8.5\gson-2.8.5.jar;D:\fpx-repository\org\apache\httpcomponents\httpclient\4.5.8\httpclient-4.5.8.jar;D:\fpx-repository\commons-codec\commons-codec\1.11\commons-codec-1.11.jar;D:\fpx-repository\org\apache\httpcomponents\httpcore\4.4.11\httpcore-4.4.11.jar;D:\fpx-repository\org\springframework\cloud\spring-cloud-consul-discovery\2.1.0.RELEASE\spring-cloud-consul-discovery-2.1.0.RELEASE.jar;D:\fpx-repository\commons-configuration\commons-configuration\1.8\commons-configuration-1.8.jar;D:\fpx-repository\commons-lang\commons-lang\2.6\commons-lang-2.6.jar;D:\fpx-repository\org\springframework\cloud\spring-cloud-netflix-core\2.1.0.RELEASE\spring-cloud-netflix-core-2.1.0.RELEASE.jar;D:\fpx-repository\org\springframework\cloud\spring-cloud-netflix-hystrix\2.1.0.RELEASE\spring-cloud-netflix-hystrix-2.1.0.RELEASE.jar;D:\fpx-repository\org\springframework\cloud\spring-cloud-starter-netflix-ribbon\2.1.0.RELEASE\spring-cloud-starter-netflix-ribbon-2.1.0.RELEASE.jar;D:\fpx-repository\org\springframework\cloud\spring-cloud-netflix-ribbon\2.1.0.RELEASE\spring-cloud-netflix-ribbon-2.1.0.RELEASE.jar;D:\fpx-repository\org\springframework\cloud\spring-cloud-netflix-archaius\2.1.0.RELEASE\spring-cloud-netflix-archaius-2.1.0.RELEASE.jar;D:\fpx-repository\org\springframework\cloud\spring-cloud-starter-netflix-archaius\2.1.0.RELEASE\spring-cloud-starter-netflix-archaius-2.1.0.RELEASE.jar;D:\fpx-repository\com\netflix\ribbon\ribbon\2.3.0\ribbon-2.3.0.jar;D:\fpx-repository\com\netflix\ribbon\ribbon-transport\2.3.0\ribbon-transport-2.3.0.jar;D:\fpx-repository\io\reactivex\rxnetty-contexts\0.4.9\rxnetty-contexts-0.4.9.jar;D:\fpx-repository\io\reactivex\rxnetty-servo\0.4.9\rxnetty-servo-0.4.9.jar;D:\fpx-repository\javax\inject\javax.inject\1\javax.inject-1.jar;D:\fpx-repository\io\reactivex\rxnetty\0.4.9\rxnetty-0.4.9.jar;D:\fpx-repository\com\google\guava\guava\16.0.1\guava-16.0.1.jar;D:\fpx-repository\com\netflix\ribbon\ribbon-core\2.3.0\ribbon-core-2.3.0.jar;D:\fpx-repository\com\netflix\ribbon\ribbon-httpclient\2.3.0\ribbon-httpclient-2.3.0.jar;D:\fpx-repository\commons-collections\commons-collections\3.2.2\commons-collections-3.2.2.jar;D:\fpx-repository\com\sun\jersey\jersey-client\1.19.1\jersey-client-1.19.1.jar;D:\fpx-repository\com\sun\jersey\jersey-core\1.19.1\jersey-core-1.19.1.jar;D:\fpx-repository\javax\ws\rs\jsr311-api\1.1.1\jsr311-api-1.1.1.jar;D:\fpx-repository\com\sun\jersey\contribs\jersey-apache-client4\1.19.1\jersey-apache-client4-1.19.1.jar;D:\fpx-repository\com\netflix\servo\servo-core\0.12.21\servo-core-0.12.21.jar;D:\fpx-repository\com\netflix\netflix-commons\netflix-commons-util\0.3.0\netflix-commons-util-0.3.0.jar;D:\fpx-repository\com\netflix\ribbon\ribbon-loadbalancer\2.3.0\ribbon-loadbalancer-2.3.0.jar;D:\fpx-repository\com\netflix\netflix-commons\netflix-statistics\0.1.1\netflix-statistics-0.1.1.jar;D:\fpx-repository\io\reactivex\rxjava\1.3.8\rxjava-1.3.8.jar;D:\fpx-repository\joda-time\joda-time\2.10.1\joda-time-2.10.1.jar;D:\fpx-repository\org\springframework\boot\spring-boot-starter-actuator\2.1.4.RELEASE\spring-boot-starter-actuator-2.1.4.RELEASE.jar;D:\fpx-repository\org\springframework\boot\spring-boot-actuator-autoconfigure\2.1.4.RELEASE\spring-boot-actuator-autoconfigure-2.1.4.RELEASE.jar;D:\fpx-repository\org\springframework\boot\spring-boot-actuator\2.1.4.RELEASE\spring-boot-actuator-2.1.4.RELEASE.jar;D:\fpx-repository\io\micrometer\micrometer-core\1.1.4\micrometer-core-1.1.4.jar;D:\fpx-repository\org\hdrhistogram\HdrHistogram\2.1.9\HdrHistogram-2.1.9.jar;D:\fpx-repository\org\latencyutils\LatencyUtils\2.0.3\LatencyUtils-2.0.3.jar;D:\fpx-repository\org\springframework\cloud\spring-cloud-starter-consul-config\2.1.0.RELEASE\spring-cloud-starter-consul-config-2.1.0.RELEASE.jar;D:\fpx-repository\org\springframework\cloud\spring-cloud-consul-config\2.1.0.RELEASE\spring-cloud-consul-config-2.1.0.RELEASE.jar;D:\fpx-repository\org\springframework\boot\spring-boot-starter-amqp\2.1.4.RELEASE\spring-boot-starter-amqp-2.1.4.RELEASE.jar;D:\fpx-repository\org\springframework\spring-messaging\5.1.6.RELEASE\spring-messaging-5.1.6.RELEASE.jar;D:\fpx-repository\org\springframework\amqp\spring-rabbit\2.1.5.RELEASE\spring-rabbit-2.1.5.RELEASE.jar;D:\fpx-repository\org\springframework\amqp\spring-amqp\2.1.5.RELEASE\spring-amqp-2.1.5.RELEASE.jar;D:\fpx-repository\org\springframework\retry\spring-retry\1.2.4.RELEASE\spring-retry-1.2.4.RELEASE.jar;D:\fpx-repository\com\rabbitmq\amqp-client\5.4.3\amqp-client-5.4.3.jar;D:\fpx-repository\org\springframework\spring-tx\5.1.6.RELEASE\spring-tx-5.1.6.RELEASE.jar;D:\fpx-repository\org\springframework\boot\spring-boot-starter-data-redis\2.1.4.RELEASE\spring-boot-starter-data-redis-2.1.4.RELEASE.jar;D:\fpx-repository\org\springframework\data\spring-data-redis\2.1.6.RELEASE\spring-data-redis-2.1.6.RELEASE.jar;D:\fpx-repository\org\springframework\data\spring-data-keyvalue\2.1.6.RELEASE\spring-data-keyvalue-2.1.6.RELEASE.jar;D:\fpx-repository\org\springframework\data\spring-data-commons\2.1.6.RELEASE\spring-data-commons-2.1.6.RELEASE.jar;D:\fpx-repository\org\springframework\spring-oxm\5.1.6.RELEASE\spring-oxm-5.1.6.RELEASE.jar;D:\fpx-repository\org\springframework\spring-context-support\5.1.6.RELEASE\spring-context-support-5.1.6.RELEASE.jar;D:\fpx-repository\io\lettuce\lettuce-core\5.1.6.RELEASE\lettuce-core-5.1.6.RELEASE.jar;D:\fpx-repository\io\netty\netty-common\4.1.34.Final\netty-common-4.1.34.Final.jar;D:\fpx-repository\io\netty\netty-handler\4.1.34.Final\netty-handler-4.1.34.Final.jar;D:\fpx-repository\io\netty\netty-buffer\4.1.34.Final\netty-buffer-4.1.34.Final.jar;D:\fpx-repository\io\netty\netty-codec\4.1.34.Final\netty-codec-4.1.34.Final.jar;D:\fpx-repository\io\netty\netty-transport\4.1.34.Final\netty-transport-4.1.34.Final.jar;D:\fpx-repository\io\netty\netty-resolver\4.1.34.Final\netty-resolver-4.1.34.Final.jar;D:\fpx-repository\io\projectreactor\reactor-core\3.2.8.RELEASE\reactor-core-3.2.8.RELEASE.jar;D:\fpx-repository\org\reactivestreams\reactive-streams\1.0.2\reactive-streams-1.0.2.jar;D:\fpx-repository\org\apache\commons\commons-pool2\2.6.1\commons-pool2-2.6.1.jar;D:\fpx-repository\org\springframework\cloud\spring-cloud-starter-openfeign\2.1.0.RELEASE\spring-cloud-starter-openfeign-2.1.0.RELEASE.jar;D:\fpx-repository\org\springframework\cloud\spring-cloud-starter\2.1.0.RELEASE\spring-cloud-starter-2.1.0.RELEASE.jar;D:\fpx-repository\org\springframework\security\spring-security-rsa\1.0.7.RELEASE\spring-security-rsa-1.0.7.RELEASE.jar;D:\fpx-repository\org\bouncycastle\bcpkix-jdk15on\1.60\bcpkix-jdk15on-1.60.jar;D:\fpx-repository\org\bouncycastle\bcprov-jdk15on\1.60\bcprov-jdk15on-1.60.jar;D:\fpx-repository\org\springframework\cloud\spring-cloud-openfeign-core\2.1.0.RELEASE\spring-cloud-openfeign-core-2.1.0.RELEASE.jar;D:\fpx-repository\org\springframework\boot\spring-boot-starter-aop\2.1.4.RELEASE\spring-boot-starter-aop-2.1.4.RELEASE.jar;D:\fpx-repository\org\aspectj\aspectjweaver\1.9.2\aspectjweaver-1.9.2.jar;D:\fpx-repository\io\github\openfeign\form\feign-form-spring\3.5.0\feign-form-spring-3.5.0.jar;D:\fpx-repository\io\github\openfeign\form\feign-form\3.5.0\feign-form-3.5.0.jar;D:\fpx-repository\commons-fileupload\commons-fileupload\1.3.3\commons-fileupload-1.3.3.jar;D:\fpx-repository\commons-io\commons-io\2.2\commons-io-2.2.jar;D:\fpx-repository\org\springframework\cloud\spring-cloud-commons\2.1.0.RELEASE\spring-cloud-commons-2.1.0.RELEASE.jar;D:\fpx-repository\org\springframework\security\spring-security-crypto\5.1.5.RELEASE\spring-security-crypto-5.1.5.RELEASE.jar;D:\fpx-repository\io\github\openfeign\feign-core\10.1.0\feign-core-10.1.0.jar;D:\fpx-repository\io\github\openfeign\feign-slf4j\10.1.0\feign-slf4j-10.1.0.jar;D:\fpx-repository\io\github\openfeign\feign-hystrix\10.1.0\feign-hystrix-10.1.0.jar;D:\fpx-repository\com\netflix\archaius\archaius-core\0.7.6\archaius-core-0.7.6.jar;D:\fpx-repository\com\google\code\findbugs\jsr305\3.0.1\jsr305-3.0.1.jar;D:\fpx-repository\com\netflix\hystrix\hystrix-core\1.5.18\hystrix-core-1.5.18.jar;D:\fpx-repository\org\projectlombok\lombok\1.18.6\lombok-1.18.6.jar;D:\fpx-repository\com\alibaba\fastjson\1.2.71\fastjson-1.2.71.jar;D:\fpx-repository\com\github\pagehelper\pagehelper\4.1.1\pagehelper-4.1.1.jar;D:\fpx-repository\com\github\jsqlparser\jsqlparser\0.9.4\jsqlparser-0.9.4.jar;D:\fpx-repository\org\apache\commons\commons-lang3\3.8.1\commons-lang3-3.8.1.jar;"/>
    <property name="java.vm.vendor" value="Oracle Corporation"/>
    <property name="sun.arch.data.model" value="64"/>
    <property name="user.variant" value=""/>
    <property name="java.vendor.url" value="http://java.oracle.com/"/>
    <property name="user.timezone" value="Asia/Shanghai"/>
    <property name="java.vm.specification.version" value="1.8"/>
    <property name="os.name" value="Windows 7"/>
    <property name="user.country" value="CN"/>
    <property name="sun.java.launcher" value="SUN_STANDARD"/>
    <property name="sun.boot.library.path" value="C:\Program Files\Java\jdk1.8.0_211\jre\bin"/>
    <property name="sun.java.command" value="C:\Users\yangkun\AppData\Local\Temp\surefire6335353454466623869\surefirebooter5328924392686465161.jar C:\Users\yangkun\AppData\Local\Temp\surefire6335353454466623869 2020-06-30T10-29-54_168-jvmRun1 surefire3303145267775294252tmp surefire_03046367466087034398tmp"/>
    <property name="surefire.test.class.path" value="E:\svncodes\wms-au\target\test-classes;E:\svncodes\wms-au\target\classes;D:\fpx-repository\org\springframework\boot\spring-boot-starter\2.1.4.RELEASE\spring-boot-starter-2.1.4.RELEASE.jar;D:\fpx-repository\org\springframework\boot\spring-boot\2.1.4.RELEASE\spring-boot-2.1.4.RELEASE.jar;D:\fpx-repository\org\springframework\spring-context\5.1.6.RELEASE\spring-context-5.1.6.RELEASE.jar;D:\fpx-repository\org\springframework\boot\spring-boot-autoconfigure\2.1.4.RELEASE\spring-boot-autoconfigure-2.1.4.RELEASE.jar;D:\fpx-repository\org\springframework\boot\spring-boot-starter-logging\2.1.4.RELEASE\spring-boot-starter-logging-2.1.4.RELEASE.jar;D:\fpx-repository\ch\qos\logback\logback-classic\1.2.3\logback-classic-1.2.3.jar;D:\fpx-repository\ch\qos\logback\logback-core\1.2.3\logback-core-1.2.3.jar;D:\fpx-repository\org\apache\logging\log4j\log4j-to-slf4j\2.11.2\log4j-to-slf4j-2.11.2.jar;D:\fpx-repository\org\apache\logging\log4j\log4j-api\2.11.2\log4j-api-2.11.2.jar;D:\fpx-repository\org\slf4j\jul-to-slf4j\1.7.26\jul-to-slf4j-1.7.26.jar;D:\fpx-repository\javax\annotation\javax.annotation-api\1.3.2\javax.annotation-api-1.3.2.jar;D:\fpx-repository\org\springframework\spring-core\5.1.6.RELEASE\spring-core-5.1.6.RELEASE.jar;D:\fpx-repository\org\springframework\spring-jcl\5.1.6.RELEASE\spring-jcl-5.1.6.RELEASE.jar;D:\fpx-repository\org\yaml\snakeyaml\1.23\snakeyaml-1.23.jar;D:\fpx-repository\org\springframework\boot\spring-boot-starter-web\2.1.4.RELEASE\spring-boot-starter-web-2.1.4.RELEASE.jar;D:\fpx-repository\org\springframework\boot\spring-boot-starter-json\2.1.4.RELEASE\spring-boot-starter-json-2.1.4.RELEASE.jar;D:\fpx-repository\com\fasterxml\jackson\core\jackson-databind\2.9.8\jackson-databind-2.9.8.jar;D:\fpx-repository\com\fasterxml\jackson\core\jackson-annotations\2.9.0\jackson-annotations-2.9.0.jar;D:\fpx-repository\com\fasterxml\jackson\core\jackson-core\2.9.8\jackson-core-2.9.8.jar;D:\fpx-repository\com\fasterxml\jackson\datatype\jackson-datatype-jdk8\2.9.8\jackson-datatype-jdk8-2.9.8.jar;D:\fpx-repository\com\fasterxml\jackson\datatype\jackson-datatype-jsr310\2.9.8\jackson-datatype-jsr310-2.9.8.jar;D:\fpx-repository\com\fasterxml\jackson\module\jackson-module-parameter-names\2.9.8\jackson-module-parameter-names-2.9.8.jar;D:\fpx-repository\org\springframework\boot\spring-boot-starter-tomcat\2.1.4.RELEASE\spring-boot-starter-tomcat-2.1.4.RELEASE.jar;D:\fpx-repository\org\apache\tomcat\embed\tomcat-embed-core\9.0.17\tomcat-embed-core-9.0.17.jar;D:\fpx-repository\org\apache\tomcat\embed\tomcat-embed-el\9.0.17\tomcat-embed-el-9.0.17.jar;D:\fpx-repository\org\apache\tomcat\embed\tomcat-embed-websocket\9.0.17\tomcat-embed-websocket-9.0.17.jar;D:\fpx-repository\org\hibernate\validator\hibernate-validator\6.0.16.Final\hibernate-validator-6.0.16.Final.jar;D:\fpx-repository\javax\validation\validation-api\2.0.1.Final\validation-api-2.0.1.Final.jar;D:\fpx-repository\org\jboss\logging\jboss-logging\3.3.2.Final\jboss-logging-3.3.2.Final.jar;D:\fpx-repository\com\fasterxml\classmate\1.4.0\classmate-1.4.0.jar;D:\fpx-repository\org\springframework\spring-web\5.1.6.RELEASE\spring-web-5.1.6.RELEASE.jar;D:\fpx-repository\org\springframework\spring-beans\5.1.6.RELEASE\spring-beans-5.1.6.RELEASE.jar;D:\fpx-repository\org\springframework\spring-webmvc\5.1.6.RELEASE\spring-webmvc-5.1.6.RELEASE.jar;D:\fpx-repository\org\springframework\spring-aop\5.1.6.RELEASE\spring-aop-5.1.6.RELEASE.jar;D:\fpx-repository\org\springframework\spring-expression\5.1.6.RELEASE\spring-expression-5.1.6.RELEASE.jar;D:\fpx-repository\org\springframework\boot\spring-boot-starter-test\2.1.4.RELEASE\spring-boot-starter-test-2.1.4.RELEASE.jar;D:\fpx-repository\org\springframework\boot\spring-boot-test\2.1.4.RELEASE\spring-boot-test-2.1.4.RELEASE.jar;D:\fpx-repository\org\springframework\boot\spring-boot-test-autoconfigure\2.1.4.RELEASE\spring-boot-test-autoconfigure-2.1.4.RELEASE.jar;D:\fpx-repository\com\jayway\jsonpath\json-path\2.4.0\json-path-2.4.0.jar;D:\fpx-repository\net\minidev\json-smart\2.3\json-smart-2.3.jar;D:\fpx-repository\net\minidev\accessors-smart\1.2\accessors-smart-1.2.jar;D:\fpx-repository\org\ow2\asm\asm\5.0.4\asm-5.0.4.jar;D:\fpx-repository\org\slf4j\slf4j-api\1.7.26\slf4j-api-1.7.26.jar;D:\fpx-repository\junit\junit\4.12\junit-4.12.jar;D:\fpx-repository\org\assertj\assertj-core\3.11.1\assertj-core-3.11.1.jar;D:\fpx-repository\org\mockito\mockito-core\2.23.4\mockito-core-2.23.4.jar;D:\fpx-repository\net\bytebuddy\byte-buddy\1.9.12\byte-buddy-1.9.12.jar;D:\fpx-repository\net\bytebuddy\byte-buddy-agent\1.9.12\byte-buddy-agent-1.9.12.jar;D:\fpx-repository\org\objenesis\objenesis\2.6\objenesis-2.6.jar;D:\fpx-repository\org\hamcrest\hamcrest-core\1.3\hamcrest-core-1.3.jar;D:\fpx-repository\org\hamcrest\hamcrest-library\1.3\hamcrest-library-1.3.jar;D:\fpx-repository\org\skyscreamer\jsonassert\1.5.0\jsonassert-1.5.0.jar;D:\fpx-repository\com\vaadin\external\google\android-json\0.0.20131108.vaadin1\android-json-0.0.20131108.vaadin1.jar;D:\fpx-repository\org\springframework\spring-test\5.1.6.RELEASE\spring-test-5.1.6.RELEASE.jar;D:\fpx-repository\org\xmlunit\xmlunit-core\2.6.2\xmlunit-core-2.6.2.jar;D:\fpx-repository\org\springframework\cloud\spring-cloud-starter-consul-discovery\2.1.0.RELEASE\spring-cloud-starter-consul-discovery-2.1.0.RELEASE.jar;D:\fpx-repository\org\springframework\cloud\spring-cloud-starter-consul\2.1.0.RELEASE\spring-cloud-starter-consul-2.1.0.RELEASE.jar;D:\fpx-repository\org\springframework\cloud\spring-cloud-context\2.1.0.RELEASE\spring-cloud-context-2.1.0.RELEASE.jar;D:\fpx-repository\org\springframework\cloud\spring-cloud-consul-core\2.1.0.RELEASE\spring-cloud-consul-core-2.1.0.RELEASE.jar;D:\fpx-repository\com\ecwid\consul\consul-api\1.4.1\consul-api-1.4.1.jar;D:\fpx-repository\com\google\code\gson\gson\2.8.5\gson-2.8.5.jar;D:\fpx-repository\org\apache\httpcomponents\httpclient\4.5.8\httpclient-4.5.8.jar;D:\fpx-repository\commons-codec\commons-codec\1.11\commons-codec-1.11.jar;D:\fpx-repository\org\apache\httpcomponents\httpcore\4.4.11\httpcore-4.4.11.jar;D:\fpx-repository\org\springframework\cloud\spring-cloud-consul-discovery\2.1.0.RELEASE\spring-cloud-consul-discovery-2.1.0.RELEASE.jar;D:\fpx-repository\commons-configuration\commons-configuration\1.8\commons-configuration-1.8.jar;D:\fpx-repository\commons-lang\commons-lang\2.6\commons-lang-2.6.jar;D:\fpx-repository\org\springframework\cloud\spring-cloud-netflix-core\2.1.0.RELEASE\spring-cloud-netflix-core-2.1.0.RELEASE.jar;D:\fpx-repository\org\springframework\cloud\spring-cloud-netflix-hystrix\2.1.0.RELEASE\spring-cloud-netflix-hystrix-2.1.0.RELEASE.jar;D:\fpx-repository\org\springframework\cloud\spring-cloud-starter-netflix-ribbon\2.1.0.RELEASE\spring-cloud-starter-netflix-ribbon-2.1.0.RELEASE.jar;D:\fpx-repository\org\springframework\cloud\spring-cloud-netflix-ribbon\2.1.0.RELEASE\spring-cloud-netflix-ribbon-2.1.0.RELEASE.jar;D:\fpx-repository\org\springframework\cloud\spring-cloud-netflix-archaius\2.1.0.RELEASE\spring-cloud-netflix-archaius-2.1.0.RELEASE.jar;D:\fpx-repository\org\springframework\cloud\spring-cloud-starter-netflix-archaius\2.1.0.RELEASE\spring-cloud-starter-netflix-archaius-2.1.0.RELEASE.jar;D:\fpx-repository\com\netflix\ribbon\ribbon\2.3.0\ribbon-2.3.0.jar;D:\fpx-repository\com\netflix\ribbon\ribbon-transport\2.3.0\ribbon-transport-2.3.0.jar;D:\fpx-repository\io\reactivex\rxnetty-contexts\0.4.9\rxnetty-contexts-0.4.9.jar;D:\fpx-repository\io\reactivex\rxnetty-servo\0.4.9\rxnetty-servo-0.4.9.jar;D:\fpx-repository\javax\inject\javax.inject\1\javax.inject-1.jar;D:\fpx-repository\io\reactivex\rxnetty\0.4.9\rxnetty-0.4.9.jar;D:\fpx-repository\com\google\guava\guava\16.0.1\guava-16.0.1.jar;D:\fpx-repository\com\netflix\ribbon\ribbon-core\2.3.0\ribbon-core-2.3.0.jar;D:\fpx-repository\com\netflix\ribbon\ribbon-httpclient\2.3.0\ribbon-httpclient-2.3.0.jar;D:\fpx-repository\commons-collections\commons-collections\3.2.2\commons-collections-3.2.2.jar;D:\fpx-repository\com\sun\jersey\jersey-client\1.19.1\jersey-client-1.19.1.jar;D:\fpx-repository\com\sun\jersey\jersey-core\1.19.1\jersey-core-1.19.1.jar;D:\fpx-repository\javax\ws\rs\jsr311-api\1.1.1\jsr311-api-1.1.1.jar;D:\fpx-repository\com\sun\jersey\contribs\jersey-apache-client4\1.19.1\jersey-apache-client4-1.19.1.jar;D:\fpx-repository\com\netflix\servo\servo-core\0.12.21\servo-core-0.12.21.jar;D:\fpx-repository\com\netflix\netflix-commons\netflix-commons-util\0.3.0\netflix-commons-util-0.3.0.jar;D:\fpx-repository\com\netflix\ribbon\ribbon-loadbalancer\2.3.0\ribbon-loadbalancer-2.3.0.jar;D:\fpx-repository\com\netflix\netflix-commons\netflix-statistics\0.1.1\netflix-statistics-0.1.1.jar;D:\fpx-repository\io\reactivex\rxjava\1.3.8\rxjava-1.3.8.jar;D:\fpx-repository\joda-time\joda-time\2.10.1\joda-time-2.10.1.jar;D:\fpx-repository\org\springframework\boot\spring-boot-starter-actuator\2.1.4.RELEASE\spring-boot-starter-actuator-2.1.4.RELEASE.jar;D:\fpx-repository\org\springframework\boot\spring-boot-actuator-autoconfigure\2.1.4.RELEASE\spring-boot-actuator-autoconfigure-2.1.4.RELEASE.jar;D:\fpx-repository\org\springframework\boot\spring-boot-actuator\2.1.4.RELEASE\spring-boot-actuator-2.1.4.RELEASE.jar;D:\fpx-repository\io\micrometer\micrometer-core\1.1.4\micrometer-core-1.1.4.jar;D:\fpx-repository\org\hdrhistogram\HdrHistogram\2.1.9\HdrHistogram-2.1.9.jar;D:\fpx-repository\org\latencyutils\LatencyUtils\2.0.3\LatencyUtils-2.0.3.jar;D:\fpx-repository\org\springframework\cloud\spring-cloud-starter-consul-config\2.1.0.RELEASE\spring-cloud-starter-consul-config-2.1.0.RELEASE.jar;D:\fpx-repository\org\springframework\cloud\spring-cloud-consul-config\2.1.0.RELEASE\spring-cloud-consul-config-2.1.0.RELEASE.jar;D:\fpx-repository\org\springframework\boot\spring-boot-starter-amqp\2.1.4.RELEASE\spring-boot-starter-amqp-2.1.4.RELEASE.jar;D:\fpx-repository\org\springframework\spring-messaging\5.1.6.RELEASE\spring-messaging-5.1.6.RELEASE.jar;D:\fpx-repository\org\springframework\amqp\spring-rabbit\2.1.5.RELEASE\spring-rabbit-2.1.5.RELEASE.jar;D:\fpx-repository\org\springframework\amqp\spring-amqp\2.1.5.RELEASE\spring-amqp-2.1.5.RELEASE.jar;D:\fpx-repository\org\springframework\retry\spring-retry\1.2.4.RELEASE\spring-retry-1.2.4.RELEASE.jar;D:\fpx-repository\com\rabbitmq\amqp-client\5.4.3\amqp-client-5.4.3.jar;D:\fpx-repository\org\springframework\spring-tx\5.1.6.RELEASE\spring-tx-5.1.6.RELEASE.jar;D:\fpx-repository\org\springframework\boot\spring-boot-starter-data-redis\2.1.4.RELEASE\spring-boot-starter-data-redis-2.1.4.RELEASE.jar;D:\fpx-repository\org\springframework\data\spring-data-redis\2.1.6.RELEASE\spring-data-redis-2.1.6.RELEASE.jar;D:\fpx-repository\org\springframework\data\spring-data-keyvalue\2.1.6.RELEASE\spring-data-keyvalue-2.1.6.RELEASE.jar;D:\fpx-repository\org\springframework\data\spring-data-commons\2.1.6.RELEASE\spring-data-commons-2.1.6.RELEASE.jar;D:\fpx-repository\org\springframework\spring-oxm\5.1.6.RELEASE\spring-oxm-5.1.6.RELEASE.jar;D:\fpx-repository\org\springframework\spring-context-support\5.1.6.RELEASE\spring-context-support-5.1.6.RELEASE.jar;D:\fpx-repository\io\lettuce\lettuce-core\5.1.6.RELEASE\lettuce-core-5.1.6.RELEASE.jar;D:\fpx-repository\io\netty\netty-common\4.1.34.Final\netty-common-4.1.34.Final.jar;D:\fpx-repository\io\netty\netty-handler\4.1.34.Final\netty-handler-4.1.34.Final.jar;D:\fpx-repository\io\netty\netty-buffer\4.1.34.Final\netty-buffer-4.1.34.Final.jar;D:\fpx-repository\io\netty\netty-codec\4.1.34.Final\netty-codec-4.1.34.Final.jar;D:\fpx-repository\io\netty\netty-transport\4.1.34.Final\netty-transport-4.1.34.Final.jar;D:\fpx-repository\io\netty\netty-resolver\4.1.34.Final\netty-resolver-4.1.34.Final.jar;D:\fpx-repository\io\projectreactor\reactor-core\3.2.8.RELEASE\reactor-core-3.2.8.RELEASE.jar;D:\fpx-repository\org\reactivestreams\reactive-streams\1.0.2\reactive-streams-1.0.2.jar;D:\fpx-repository\org\apache\commons\commons-pool2\2.6.1\commons-pool2-2.6.1.jar;D:\fpx-repository\org\springframework\cloud\spring-cloud-starter-openfeign\2.1.0.RELEASE\spring-cloud-starter-openfeign-2.1.0.RELEASE.jar;D:\fpx-repository\org\springframework\cloud\spring-cloud-starter\2.1.0.RELEASE\spring-cloud-starter-2.1.0.RELEASE.jar;D:\fpx-repository\org\springframework\security\spring-security-rsa\1.0.7.RELEASE\spring-security-rsa-1.0.7.RELEASE.jar;D:\fpx-repository\org\bouncycastle\bcpkix-jdk15on\1.60\bcpkix-jdk15on-1.60.jar;D:\fpx-repository\org\bouncycastle\bcprov-jdk15on\1.60\bcprov-jdk15on-1.60.jar;D:\fpx-repository\org\springframework\cloud\spring-cloud-openfeign-core\2.1.0.RELEASE\spring-cloud-openfeign-core-2.1.0.RELEASE.jar;D:\fpx-repository\org\springframework\boot\spring-boot-starter-aop\2.1.4.RELEASE\spring-boot-starter-aop-2.1.4.RELEASE.jar;D:\fpx-repository\org\aspectj\aspectjweaver\1.9.2\aspectjweaver-1.9.2.jar;D:\fpx-repository\io\github\openfeign\form\feign-form-spring\3.5.0\feign-form-spring-3.5.0.jar;D:\fpx-repository\io\github\openfeign\form\feign-form\3.5.0\feign-form-3.5.0.jar;D:\fpx-repository\commons-fileupload\commons-fileupload\1.3.3\commons-fileupload-1.3.3.jar;D:\fpx-repository\commons-io\commons-io\2.2\commons-io-2.2.jar;D:\fpx-repository\org\springframework\cloud\spring-cloud-commons\2.1.0.RELEASE\spring-cloud-commons-2.1.0.RELEASE.jar;D:\fpx-repository\org\springframework\security\spring-security-crypto\5.1.5.RELEASE\spring-security-crypto-5.1.5.RELEASE.jar;D:\fpx-repository\io\github\openfeign\feign-core\10.1.0\feign-core-10.1.0.jar;D:\fpx-repository\io\github\openfeign\feign-slf4j\10.1.0\feign-slf4j-10.1.0.jar;D:\fpx-repository\io\github\openfeign\feign-hystrix\10.1.0\feign-hystrix-10.1.0.jar;D:\fpx-repository\com\netflix\archaius\archaius-core\0.7.6\archaius-core-0.7.6.jar;D:\fpx-repository\com\google\code\findbugs\jsr305\3.0.1\jsr305-3.0.1.jar;D:\fpx-repository\com\netflix\hystrix\hystrix-core\1.5.18\hystrix-core-1.5.18.jar;D:\fpx-repository\org\projectlombok\lombok\1.18.6\lombok-1.18.6.jar;D:\fpx-repository\com\alibaba\fastjson\1.2.71\fastjson-1.2.71.jar;D:\fpx-repository\com\github\pagehelper\pagehelper\4.1.1\pagehelper-4.1.1.jar;D:\fpx-repository\com\github\jsqlparser\jsqlparser\0.9.4\jsqlparser-0.9.4.jar;D:\fpx-repository\org\apache\commons\commons-lang3\3.8.1\commons-lang3-3.8.1.jar;"/>
    <property name="sun.cpu.endian" value="little"/>
    <property name="user.home" value="C:\Users\yangkun"/>
    <property name="user.language" value="zh"/>
    <property name="java.specification.vendor" value="Oracle Corporation"/>
    <property name="java.home" value="C:\Program Files\Java\jdk1.8.0_211\jre"/>
    <property name="basedir" value="E:\svncodes\wms-au"/>
    <property name="file.separator" value="\"/>
    <property name="line.separator" value="&#10;"/>
    <property name="java.vm.specification.vendor" value="Oracle Corporation"/>
    <property name="java.specification.name" value="Java Platform API Specification"/>
    <property name="java.awt.graphicsenv" value="sun.awt.Win32GraphicsEnvironment"/>
    <property name="surefire.real.class.path" value="C:\Users\yangkun\AppData\Local\Temp\surefire6335353454466623869\surefirebooter5328924392686465161.jar"/>
    <property name="sun.boot.class.path" value="C:\Program Files\Java\jdk1.8.0_211\jre\lib\resources.jar;C:\Program Files\Java\jdk1.8.0_211\jre\lib\rt.jar;C:\Program Files\Java\jdk1.8.0_211\jre\lib\sunrsasign.jar;C:\Program Files\Java\jdk1.8.0_211\jre\lib\jsse.jar;C:\Program Files\Java\jdk1.8.0_211\jre\lib\jce.jar;C:\Program Files\Java\jdk1.8.0_211\jre\lib\charsets.jar;C:\Program Files\Java\jdk1.8.0_211\jre\lib\jfr.jar;C:\Program Files\Java\jdk1.8.0_211\jre\classes"/>
    <property name="user.script" value=""/>
    <property name="sun.management.compiler" value="HotSpot 64-Bit Tiered Compilers"/>
    <property name="java.runtime.version" value="1.8.0_211-b12"/>
    <property name="user.name" value="yangkun"/>
    <property name="path.separator" value=";"/>
    <property name="os.version" value="6.1"/>
    <property name="java.endorsed.dirs" value="C:\Program Files\Java\jdk1.8.0_211\jre\lib\endorsed"/>
    <property name="java.runtime.name" value="Java(TM) SE Runtime Environment"/>
    <property name="file.encoding" value="GBK"/>
    <property name="java.vm.name" value="Java HotSpot(TM) 64-Bit Server VM"/>
    <property name="localRepository" value="D:\fpx-repository"/>
    <property name="java.vendor.url.bug" value="http://bugreport.sun.com/bugreport/"/>
    <property name="java.io.tmpdir" value="C:\Users\yangkun\AppData\Local\Temp\"/>
    <property name="idea.version" value="2018.2.5"/>
    <property name="java.version" value="1.8.0_211"/>
    <property name="user.dir" value="E:\svncodes\wms-au"/>
    <property name="os.arch" value="amd64"/>
    <property name="java.vm.specification.name" value="Java Virtual Machine Specification"/>
    <property name="java.awt.printerjob" value="sun.awt.windows.WPrinterJob"/>
    <property name="sun.os.patch.level" value="Service Pack 1"/>
    <property name="java.library.path" value="C:\Program Files\Java\jdk1.8.0_211\jre\bin;C:\Windows\Sun\Java\bin;C:\Windows\system32;C:\Windows;C:\Program Files (x86)\Common Files\Oracle\Java\javapath;C:\Program Files (x86)\Intel\iCLS Client\;C:\Program Files\Intel\iCLS Client\;C:\Windows\system32;C:\Windows;C:\Windows\System32\Wbem;C:\Windows\System32\WindowsPowerShell\v1.0\;C:\Program Files\Intel\Intel(R) Management Engine Components\DAL;C:\Program Files\Intel\Intel(R) Management Engine Components\IPT;C:\Program Files (x86)\Intel\Intel(R) Management Engine Components\DAL;C:\Program Files (x86)\Intel\Intel(R) Management Engine Components\IPT;D:\Program Files\apache-maven-3.6.1\bin;D:\Program Files\apache-maven-3.6.1\bin;C:\Program Files\Java\jdk1.8.0_211\bin;D:\Program Files\TortoiseSVN\bin;D:\erl10.4\bin;D:\Program Files\RabbitMQ Server\rabbitmq_server-3.7.15\sbin;D:\Program Files\nodejs;D:\Program Files\nodejs\;D:\Program Files\nodejs\node_global;C:\Program Files\Git\cmd;C:\Users\yangkun\AppData\Roaming\npm;D:\tools\mysql-8.0.16-winx64\bin;;."/>
    <property name="java.vm.info" value="mixed mode"/>
    <property name="java.vendor" value="Oracle Corporation"/>
    <property name="java.vm.version" value="25.211-b12"/>
    <property name="java.ext.dirs" value="C:\Program Files\Java\jdk1.8.0_211\jre\lib\ext;C:\Windows\Sun\Java\lib\ext"/>
    <property name="sun.io.unicode.encoding" value="UnicodeLittle"/>
    <property name="maven.repo.local" value="D:\fpx-repository"/>
    <property name="java.class.version" value="52.0"/>
  </properties>
  <testcase name="sendMq" classname="com.fpx.wmsau.WmsAuApplicationTests" time="0.237"/>
  <testcase name="contextLoads" classname="com.fpx.wmsau.WmsAuApplicationTests" time="0.006"/>
</testsuite>